This file contains any messages produced by compilers while
running configure, to aid debugging if configure makes a mistake.

It was created by pidgin-sendscreenshot configure 0.8-3, which was
generated by GNU Autoconf 2.65.  Invocation command line was

  $ ./configure --prefix=/usr --libdir=/usr/lib64/

## --------- ##
## Platform. ##
## --------- ##

hostname = ayush
uname -m = x86_64
uname -r = 4.4.11
uname -s = Linux
uname -v = #2 SMP Thu May 19 02:05:49 CDT 2016

/usr/bin/uname -p = Intel(R) Core(TM) i3-3217U CPU @ 1.80GHz
/bin/uname -X     = unknown

/bin/arch              = x86_64
/usr/bin/arch -k       = unknown
/usr/convex/getsysinfo = unknown
/usr/bin/hostinfo      = unknown
/bin/machine           = unknown
/usr/bin/oslevel       = unknown
/bin/universe          = unknown

PATH: /usr/local/bin
PATH: /usr/bin
PATH: /bin
PATH: /usr/games
PATH: /usr/lib64/java/bin
PATH: /usr/lib64/java/jre/bin
PATH: /usr/lib64/kde4/libexec
PATH: /usr/lib64/qt/bin
PATH: /usr/lib64/qt5/bin
PATH: /usr/share/texmf/bin


## ----------- ##
## Core tests. ##
## ----------- ##

configure:2428: checking build system type
configure:2442: result: x86_64-unknown-linux-gnu
configure:2462: checking host system type
configure:2475: result: x86_64-unknown-linux-gnu
configure:2495: checking target system type
configure:2508: result: x86_64-unknown-linux-gnu
configure:2552: checking for a BSD-compatible install
configure:2620: result: /usr/bin/ginstall -c
configure:2631: checking whether build environment is sane
configure:2681: result: yes
configure:2822: checking for a thread-safe mkdir -p
configure:2861: result: /usr/bin/mkdir -p
configure:2874: checking for gawk
configure:2890: found /usr/bin/gawk
configure:2901: result: gawk
configure:2912: checking whether make sets $(MAKE)
configure:2934: result: yes
configure:3018: checking for sed
configure:3036: found /usr/bin/sed
configure:3048: result: /usr/bin/sed
configure:3141: checking for pkg-config
configure:3159: found /usr/bin/pkg-config
configure:3171: result: /usr/bin/pkg-config
configure:3196: checking pkg-config is at least version 0.9.0
configure:3199: result: yes
configure:3210: checking for pkg-config
configure:3241: result: /usr/bin/pkg-config
configure:3290: checking for style of include used by make
configure:3318: result: GNU
configure:3388: checking for gcc
configure:3404: found /usr/bin/gcc
configure:3415: result: gcc
configure:3644: checking for C compiler version
configure:3653: gcc --version >&5
gcc (GCC) 5.3.0
Copyright (C) 2015 Free Software Foundation, Inc.
This is free software; see the source for copying conditions.  There is NO
warranty; not even for MERCHANTABILITY or FITNESS FOR A PARTICULAR PURPOSE.

configure:3664: $? = 0
configure:3653: gcc -v >&5
Reading specs from /usr/lib64/gcc/x86_64-slackware-linux/5.3.0/specs
COLLECT_GCC=gcc
COLLECT_LTO_WRAPPER=/usr/libexec/gcc/x86_64-slackware-linux/5.3.0/lto-wrapper
Target: x86_64-slackware-linux
Configured with: ../gcc-5.3.0/configure --prefix=/usr --libdir=/usr/lib64 --mandir=/usr/man --infodir=/usr/info --enable-shared --enable-bootstrap --enable-languages=ada,c,c++,fortran,go,java,lto,objc --enable-threads=posix --enable-checking=release --enable-objc-gc --with-system-zlib --with-python-dir=/lib64/python2.7/site-packages --enable-libstdcxx-dual-abi --with-default-libstdcxx-abi=gcc4-compatible --disable-libunwind-exceptions --enable-__cxa_atexit --enable-libssp --enable-lto --disable-install-libiberty --with-gnu-ld --verbose --enable-java-home --with-java-home=/usr/lib64/jvm/jre --with-jvm-root-dir=/usr/lib64/jvm --with-jvm-jar-dir=/usr/lib64/jvm/jvm-exports --with-arch-directory=amd64 --with-antlr-jar=/home/slackware/slackbuilds/gcc/antlr-runtime-3.4.jar --enable-multilib --target=x86_64-slackware-linux --build=x86_64-slackware-linux --host=x86_64-slackware-linux
Thread model: posix
gcc version 5.3.0 (GCC) 
configure:3664: $? = 0
configure:3653: gcc -V >&5
gcc: error: unrecognized command line option '-V'
gcc: fatal error: no input files
compilation terminated.
configure:3664: $? = 1
configure:3653: gcc -qversion >&5
gcc: error: unrecognized command line option '-qversion'
gcc: fatal error: no input files
compilation terminated.
configure:3664: $? = 1
configure:3684: checking whether the C compiler works
configure:3706: gcc    conftest.c  >&5
configure:3710: $? = 0
configure:3759: result: yes
configure:3762: checking for C compiler default output file name
configure:3764: result: a.out
configure:3770: checking for suffix of executables
configure:3777: gcc -o conftest    conftest.c  >&5
configure:3781: $? = 0
configure:3803: result: 
configure:3825: checking whether we are cross compiling
configure:3833: gcc -o conftest    conftest.c  >&5
configure:3837: $? = 0
configure:3844: ./conftest
configure:3848: $? = 0
configure:3863: result: no
configure:3868: checking for suffix of object files
configure:3890: gcc -c   conftest.c >&5
configure:3894: $? = 0
configure:3915: result: o
configure:3919: checking whether we are using the GNU C compiler
configure:3938: gcc -c   conftest.c >&5
configure:3938: $? = 0
configure:3947: result: yes
configure:3956: checking whether gcc accepts -g
configure:3976: gcc -c -g  conftest.c >&5
configure:3976: $? = 0
configure:4017: result: yes
configure:4034: checking for gcc option to accept ISO C89
configure:4098: gcc  -c -g -O2  conftest.c >&5
configure:4098: $? = 0
configure:4111: result: none needed
configure:4133: checking dependency style of gcc
configure:4243: result: gcc3
configure:4258: checking for a sed that does not truncate output
configure:4322: result: /usr/bin/sed
configure:4340: checking for grep that handles long lines and -e
configure:4398: result: /usr/bin/grep
configure:4403: checking for egrep
configure:4465: result: /usr/bin/grep -E
configure:4470: checking for fgrep
configure:4532: result: /usr/bin/grep -F
configure:4567: checking for ld used by gcc
configure:4634: result: /usr/x86_64-slackware-linux/bin/ld
configure:4641: checking if the linker (/usr/x86_64-slackware-linux/bin/ld) is GNU ld
configure:4656: result: yes
configure:4668: checking for BSD- or MS-compatible name lister (nm)
configure:4717: result: /usr/bin/nm -B
configure:4835: checking the name lister (/usr/bin/nm -B) interface
configure:4842: gcc -c -g -O2  conftest.c >&5
configure:4845: /usr/bin/nm -B "conftest.o"
configure:4848: output
0000000000000000 B some_variable
configure:4855: result: BSD nm
configure:4858: checking whether ln -s works
configure:4862: result: yes
configure:4870: checking the maximum length of command line arguments
configure:4990: result: 1572864
configure:5007: checking whether the shell understands some XSI constructs
configure:5017: result: yes
configure:5021: checking whether the shell understands "+="
configure:5027: result: yes
configure:5062: checking for /usr/x86_64-slackware-linux/bin/ld option to reload object files
configure:5069: result: -r
configure:5138: checking for objdump
configure:5154: found /usr/bin/objdump
configure:5165: result: objdump
configure:5197: checking how to recognize dependent libraries
configure:5393: result: pass_all
configure:5453: checking for ar
configure:5469: found /usr/bin/ar
configure:5480: result: ar
configure:5558: checking for strip
configure:5574: found /usr/bin/strip
configure:5585: result: strip
configure:5657: checking for ranlib
configure:5673: found /usr/bin/ranlib
configure:5684: result: ranlib
configure:5774: checking command to parse /usr/bin/nm -B output from gcc object
configure:5892: gcc -c -g -O2  conftest.c >&5
configure:5895: $? = 0
configure:5899: /usr/bin/nm -B conftest.o \| sed -n -e 's/^.*[	 ]\([ABCDGIRSTW][ABCDGIRSTW]*\)[	 ][	 ]*\([_A-Za-z][_A-Za-z0-9]*\)$/\1 \2 \2/p' \> conftest.nm
configure:5902: $? = 0
configure:5956: gcc -o conftest -g -O2   conftest.c conftstm.o >&5
configure:5959: $? = 0
configure:5997: result: ok
configure:6093: gcc -c -g -O2  conftest.c >&5
configure:6096: $? = 0
configure:6806: checking how to run the C preprocessor
configure:6837: gcc -E  conftest.c
configure:6837: $? = 0
configure:6851: gcc -E  conftest.c
conftest.c:11:28: fatal error: ac_nonexistent.h: No such file or directory
compilation terminated.
configure:6851: $? = 1
configure: failed program was:
| /* confdefs.h */
| #define PACKAGE_NAME "pidgin-sendscreenshot"
| #define PACKAGE_TARNAME "pidgin-sendscreenshot"
| #define PACKAGE_VERSION "0.8-3"
| #define PACKAGE_STRING "pidgin-sendscreenshot 0.8-3"
| #define PACKAGE_BUGREPORT "contact@raoulito.info"
| #define PACKAGE_URL ""
| #define PACKAGE "pidgin-sendscreenshot"
| #define VERSION "0.8-3"
| /* end confdefs.h.  */
| #include <ac_nonexistent.h>
configure:6876: result: gcc -E
configure:6896: gcc -E  conftest.c
configure:6896: $? = 0
configure:6910: gcc -E  conftest.c
conftest.c:11:28: fatal error: ac_nonexistent.h: No such file or directory
compilation terminated.
configure:6910: $? = 1
configure: failed program was:
| /* confdefs.h */
| #define PACKAGE_NAME "pidgin-sendscreenshot"
| #define PACKAGE_TARNAME "pidgin-sendscreenshot"
| #define PACKAGE_VERSION "0.8-3"
| #define PACKAGE_STRING "pidgin-sendscreenshot 0.8-3"
| #define PACKAGE_BUGREPORT "contact@raoulito.info"
| #define PACKAGE_URL ""
| #define PACKAGE "pidgin-sendscreenshot"
| #define VERSION "0.8-3"
| /* end confdefs.h.  */
| #include <ac_nonexistent.h>
configure:6939: checking for ANSI C header files
configure:6959: gcc -c -g -O2  conftest.c >&5
configure:6959: $? = 0
configure:7032: gcc -o conftest -g -O2   conftest.c  >&5
configure:7032: $? = 0
configure:7032: ./conftest
configure:7032: $? = 0
configure:7043: result: yes
configure:7056: checking for sys/types.h
configure:7056: gcc -c -g -O2  conftest.c >&5
configure:7056: $? = 0
configure:7056: result: yes
configure:7056: checking for sys/stat.h
configure:7056: gcc -c -g -O2  conftest.c >&5
configure:7056: $? = 0
configure:7056: result: yes
configure:7056: checking for stdlib.h
configure:7056: gcc -c -g -O2  conftest.c >&5
configure:7056: $? = 0
configure:7056: result: yes
configure:7056: checking for string.h
configure:7056: gcc -c -g -O2  conftest.c >&5
configure:7056: $? = 0
configure:7056: result: yes
configure:7056: checking for memory.h
configure:7056: gcc -c -g -O2  conftest.c >&5
configure:7056: $? = 0
configure:7056: result: yes
configure:7056: checking for strings.h
configure:7056: gcc -c -g -O2  conftest.c >&5
configure:7056: $? = 0
configure:7056: result: yes
configure:7056: checking for inttypes.h
configure:7056: gcc -c -g -O2  conftest.c >&5
configure:7056: $? = 0
configure:7056: result: yes
configure:7056: checking for stdint.h
configure:7056: gcc -c -g -O2  conftest.c >&5
configure:7056: $? = 0
configure:7056: result: yes
configure:7056: checking for unistd.h
configure:7056: gcc -c -g -O2  conftest.c >&5
configure:7056: $? = 0
configure:7056: result: yes
configure:7071: checking for dlfcn.h
configure:7071: gcc -c -g -O2  conftest.c >&5
configure:7071: $? = 0
configure:7071: result: yes
configure:7225: checking for objdir
configure:7240: result: .libs
configure:7536: checking if gcc supports -fno-rtti -fno-exceptions
configure:7554: gcc -c -g -O2  -fno-rtti -fno-exceptions conftest.c >&5
cc1: warning: command line option '-fno-rtti' is valid for C++/ObjC++ but not for C
configure:7558: $? = 0
configure:7571: result: no
configure:7591: checking for gcc option to produce PIC
configure:7863: result: -fPIC -DPIC
configure:7875: checking if gcc PIC flag -fPIC -DPIC works
configure:7893: gcc -c -g -O2  -fPIC -DPIC -DPIC conftest.c >&5
configure:7897: $? = 0
configure:7910: result: yes
configure:7934: checking if gcc static flag -static works
configure:7962: result: yes
configure:7977: checking if gcc supports -c -o file.o
configure:7998: gcc -c -g -O2  -o out/conftest2.o conftest.c >&5
configure:8002: $? = 0
configure:8024: result: yes
configure:8032: checking if gcc supports -c -o file.o
configure:8079: result: yes
configure:8112: checking whether the gcc linker (/usr/x86_64-slackware-linux/bin/ld -m elf_x86_64) supports shared libraries
configure:9099: result: yes
configure:9136: checking whether -lc should be explicitly linked in
configure:9141: gcc -c -g -O2  conftest.c >&5
configure:9144: $? = 0
configure:9159: gcc -shared conftest.o  -v -Wl,-soname -Wl,conftest -o conftest 2\>\&1 \| /usr/bin/grep  -lc  \>/dev/null 2\>\&1
configure:9162: $? = 0
configure:9174: result: no
configure:9338: checking dynamic linker characteristics
configure:9771: gcc -o conftest -g -O2   -Wl,-rpath -Wl,/foo conftest.c  >&5
configure:9771: $? = 0
configure:10001: result: GNU/Linux ld.so
configure:10103: checking how to hardcode library paths into programs
configure:10128: result: immediate
configure:10648: checking whether stripping libraries is possible
configure:10653: result: yes
configure:10688: checking if libtool supports shared libraries
configure:10690: result: yes
configure:10693: checking whether to build shared libraries
configure:10714: result: yes
configure:10717: checking whether to build static libraries
configure:10721: result: no
configure:10762: checking whether NLS is requested
configure:10771: result: yes
configure:10801: checking for intltool-update
configure:10819: found /usr/bin/intltool-update
configure:10831: result: /usr/bin/intltool-update
configure:10841: checking for intltool-merge
configure:10859: found /usr/bin/intltool-merge
configure:10871: result: /usr/bin/intltool-merge
configure:10881: checking for intltool-extract
configure:10899: found /usr/bin/intltool-extract
configure:10911: result: /usr/bin/intltool-extract
configure:11042: checking for xgettext
configure:11060: found /usr/bin/xgettext
configure:11072: result: /usr/bin/xgettext
configure:11082: checking for msgmerge
configure:11100: found /usr/bin/msgmerge
configure:11112: result: /usr/bin/msgmerge
configure:11122: checking for msgfmt
configure:11140: found /usr/bin/msgfmt
configure:11152: result: /usr/bin/msgfmt
configure:11162: checking for gmsgfmt
configure:11193: result: /usr/bin/msgfmt
configure:11213: checking for perl
configure:11231: found /usr/bin/perl
configure:11243: result: /usr/bin/perl
configure:11254: checking for perl >= 5.8.1
configure:11261: result: 5.22.2
configure:11265: checking for XML::Parser
configure:11268: result: ok
configure:11293: gcc -o conftest -g -O2   conftest.c  >&5
configure:11293: $? = 0
configure:11330: checking locale.h usability
configure:11330: gcc -c -g -O2  conftest.c >&5
configure:11330: $? = 0
configure:11330: result: yes
configure:11330: checking locale.h presence
configure:11330: gcc -E  conftest.c
configure:11330: $? = 0
configure:11330: result: yes
configure:11330: checking for locale.h
configure:11330: result: yes
configure:11341: checking for LC_MESSAGES
configure:11357: gcc -o conftest -g -O2   conftest.c  >&5
configure:11357: $? = 0
configure:11365: result: yes
configure:11382: checking libintl.h usability
configure:11382: gcc -c -g -O2  conftest.c >&5
configure:11382: $? = 0
configure:11382: result: yes
configure:11382: checking libintl.h presence
configure:11382: gcc -E  conftest.c
configure:11382: $? = 0
configure:11382: result: yes
configure:11382: checking for libintl.h
configure:11382: result: yes
configure:11390: checking for ngettext in libc
configure:11408: gcc -o conftest -g -O2   conftest.c  >&5
configure:11408: $? = 0
configure:11417: result: yes
configure:11421: checking for dgettext in libc
configure:11439: gcc -o conftest -g -O2   conftest.c  >&5
configure:11439: $? = 0
configure:11448: result: yes
configure:11455: checking for bind_textdomain_codeset
configure:11455: gcc -o conftest -g -O2   conftest.c  >&5
configure:11455: $? = 0
configure:11455: result: yes
configure:11731: checking for msgfmt
configure:11758: result: /usr/bin/msgfmt
configure:11769: checking for dcgettext
configure:11769: gcc -o conftest -g -O2   conftest.c   >&5
conftest.c:51:6: warning: conflicting types for built-in function 'dcgettext'
 char dcgettext ();
      ^
configure:11769: $? = 0
configure:11769: result: yes
configure:11779: checking if msgfmt accepts -c
configure:11794: $MSGFMT -c -o /dev/null conftest.foo
conftest.foo:3: warning: header field 'Language' missing in header
configure:11797: $? = 0
configure:11799: result: yes
configure:11809: checking for gmsgfmt
configure:11840: result: /usr/bin/msgfmt
configure:11850: checking for xgettext
configure:11877: result: /usr/bin/xgettext
configure:11896: gcc -o conftest -g -O2   conftest.c   >&5
configure:11896: $? = 0
configure:11974: checking for catalogs to be installed
configure:11999: result:  de es fr nl pl ru zh_CN
configure:12039: checking for gcc option to accept ISO C99
configure:12188: gcc  -c -g -O2  conftest.c >&5
configure:12188: $? = 0
configure:12201: result: none needed
configure:12310: checking for gcc option to accept ISO Standard C
configure:12321: result: none needed
configure:12359: checking for Gtk
configure:12367: $PKG_CONFIG --exists --print-errors "gtk+-2.0 >= 2.4.0"
configure:12370: $? = 0
configure:12385: $PKG_CONFIG --exists --print-errors "gtk+-2.0 >= 2.4.0"
configure:12388: $? = 0
configure:12443: result: yes
configure:12449: checking for Glib
configure:12457: $PKG_CONFIG --exists --print-errors "glib-2.0 >= 2.8.0"
configure:12460: $? = 0
configure:12475: $PKG_CONFIG --exists --print-errors "glib-2.0 >= 2.8.0"
configure:12478: $? = 0
configure:12533: result: yes
configure:12577: checking for gawk
configure:12604: result: gawk
configure:12667: checking for curl-config
configure:12685: found /usr/bin/curl-config
configure:12697: result: /usr/bin/curl-config
configure:12708: checking for the version of libcurl
configure:12715: result: 7.49.1
configure:12722: checking for libcurl >= version 7.19.1
configure:12735: result: yes
configure:12776: checking whether libcurl is usable
configure:12809: gcc -o conftest -Wall -Wextra -Wshadow -ggdb -O1    conftest.c -lcurl  >&5
conftest.c: In function 'main':
conftest.c:37:5: warning: variable 'x' set but not used [-Wunused-but-set-variable]
 int x;
     ^
configure:12809: $? = 0
configure:12823: result: yes
configure:12836: checking for curl_free
configure:12836: gcc -o conftest -Wall -Wextra -Wshadow -ggdb -O1    conftest.c  -lcurl >&5
configure:12836: $? = 0
configure:12836: result: yes
configure:12915: checking for GRegex
configure:12923: $PKG_CONFIG --exists --print-errors "glib-2.0 >= 2.14.0"
configure:12926: $? = 0
configure:12941: $PKG_CONFIG --exists --print-errors "glib-2.0 >= 2.14.0"
configure:12944: $? = 0
configure:12999: result: yes
configure:13040: checking for purple - version >= 2.4.0
configure:13080: result: yes (version 2.11.0)
configure:13119: checking for pidgin - version >= 2.4.0
configure:13160: result: yes (version 2.11.0)
configure:13326: creating ./config.status

## ---------------------- ##
## Running config.status. ##
## ---------------------- ##

This file was extended by pidgin-sendscreenshot config.status 0.8-3, which was
generated by GNU Autoconf 2.65.  Invocation command line was

  CONFIG_FILES    = 
  CONFIG_HEADERS  = 
  CONFIG_LINKS    = 
  CONFIG_COMMANDS = 
  $ ./config.status 

on ayush

config.status:1203: creating Makefile
config.status:1203: creating po/Makefile.in
config.status:1203: creating src/Makefile
config.status:1203: creating config/Makefile
config.status:1203: creating config.h
config.status:1423: executing depfiles commands
config.status:1423: executing libtool commands
config.status:1423: executing default-1 commands
config.status:1423: executing po/stamp-it commands

## ---------------- ##
## Cache variables. ##
## ---------------- ##

ac_cv_build=x86_64-unknown-linux-gnu
ac_cv_c_compiler_gnu=yes
ac_cv_env_CC_set=
ac_cv_env_CC_value=
ac_cv_env_CFLAGS_set=
ac_cv_env_CFLAGS_value=
ac_cv_env_CPPFLAGS_set=
ac_cv_env_CPPFLAGS_value=
ac_cv_env_CPP_set=
ac_cv_env_CPP_value=
ac_cv_env_GRegex_CFLAGS_set=
ac_cv_env_GRegex_CFLAGS_value=
ac_cv_env_GRegex_LIBS_set=
ac_cv_env_GRegex_LIBS_value=
ac_cv_env_Glib_CFLAGS_set=
ac_cv_env_Glib_CFLAGS_value=
ac_cv_env_Glib_LIBS_set=
ac_cv_env_Glib_LIBS_value=
ac_cv_env_Gtk_CFLAGS_set=
ac_cv_env_Gtk_CFLAGS_value=
ac_cv_env_Gtk_LIBS_set=
ac_cv_env_Gtk_LIBS_value=
ac_cv_env_LDFLAGS_set=
ac_cv_env_LDFLAGS_value=
ac_cv_env_LIBS_set=
ac_cv_env_LIBS_value=
ac_cv_env_PKG_CONFIG_set=
ac_cv_env_PKG_CONFIG_value=
ac_cv_env_build_alias_set=
ac_cv_env_build_alias_value=
ac_cv_env_host_alias_set=
ac_cv_env_host_alias_value=
ac_cv_env_target_alias_set=
ac_cv_env_target_alias_value=
ac_cv_func_bind_textdomain_codeset=yes
ac_cv_func_curl_free=yes
ac_cv_func_dcgettext=yes
ac_cv_header_dlfcn_h=yes
ac_cv_header_inttypes_h=yes
ac_cv_header_libintl_h=yes
ac_cv_header_locale_h=yes
ac_cv_header_memory_h=yes
ac_cv_header_stdc=yes
ac_cv_header_stdint_h=yes
ac_cv_header_stdlib_h=yes
ac_cv_header_string_h=yes
ac_cv_header_strings_h=yes
ac_cv_header_sys_stat_h=yes
ac_cv_header_sys_types_h=yes
ac_cv_header_unistd_h=yes
ac_cv_host=x86_64-unknown-linux-gnu
ac_cv_objext=o
ac_cv_path_EGREP='/usr/bin/grep -E'
ac_cv_path_FGREP='/usr/bin/grep -F'
ac_cv_path_GMSGFMT=/usr/bin/msgfmt
ac_cv_path_GREP=/usr/bin/grep
ac_cv_path_INTLTOOL_EXTRACT=/usr/bin/intltool-extract
ac_cv_path_INTLTOOL_MERGE=/usr/bin/intltool-merge
ac_cv_path_INTLTOOL_PERL=/usr/bin/perl
ac_cv_path_INTLTOOL_UPDATE=/usr/bin/intltool-update
ac_cv_path_MSGFMT=/usr/bin/msgfmt
ac_cv_path_MSGMERGE=/usr/bin/msgmerge
ac_cv_path_PKG_CONFIG=/usr/bin/pkg-config
ac_cv_path_SED=/usr/bin/sed
ac_cv_path_XGETTEXT=/usr/bin/xgettext
ac_cv_path__libcurl_config=/usr/bin/curl-config
ac_cv_path_ac_pt_PKG_CONFIG=/usr/bin/pkg-config
ac_cv_path_install='/usr/bin/ginstall -c'
ac_cv_path_mkdir=/usr/bin/mkdir
ac_cv_path_sedpath=/usr/bin/sed
ac_cv_prog_AWK=gawk
ac_cv_prog_CPP='gcc -E'
ac_cv_prog_ac_ct_AR=ar
ac_cv_prog_ac_ct_CC=gcc
ac_cv_prog_ac_ct_OBJDUMP=objdump
ac_cv_prog_ac_ct_RANLIB=ranlib
ac_cv_prog_ac_ct_STRIP=strip
ac_cv_prog_cc_c89=
ac_cv_prog_cc_c99=
ac_cv_prog_cc_g=yes
ac_cv_prog_cc_stdc=
ac_cv_prog_make_make_set=yes
ac_cv_target=x86_64-unknown-linux-gnu
am_cv_CC_dependencies_compiler_type=gcc3
am_cv_val_LC_MESSAGES=yes
gt_cv_func_dgettext_libc=yes
gt_cv_func_dgettext_libintl=no
gt_cv_func_ngettext_libc=yes
gt_cv_have_gettext=yes
libcurl_cv_lib_curl_usable=yes
libcurl_cv_lib_curl_version=7.49.1
libcurl_cv_lib_version_ok=yes
lt_cv_deplibs_check_method=pass_all
lt_cv_file_magic_cmd='$MAGIC_CMD'
lt_cv_file_magic_test_file=
lt_cv_ld_reload_flag=-r
lt_cv_nm_interface='BSD nm'
lt_cv_objdir=.libs
lt_cv_path_LD=/usr/x86_64-slackware-linux/bin/ld
lt_cv_path_NM='/usr/bin/nm -B'
lt_cv_prog_compiler_c_o=yes
lt_cv_prog_compiler_pic_works=yes
lt_cv_prog_compiler_rtti_exceptions=no
lt_cv_prog_compiler_static_works=yes
lt_cv_prog_gnu_ld=yes
lt_cv_sys_global_symbol_pipe='sed -n -e '\''s/^.*[	 ]\([ABCDGIRSTW][ABCDGIRSTW]*\)[	 ][	 ]*\([_A-Za-z][_A-Za-z0-9]*\)$/\1 \2 \2/p'\'''
lt_cv_sys_global_symbol_to_c_name_address='sed -n -e '\''s/^: \([^ ]*\) $/  {\"\1\", (void *) 0},/p'\'' -e '\''s/^[ABCDGIRSTW]* \([^ ]*\) \([^ ]*\)$/  {"\2", (void *) \&\2},/p'\'''
lt_cv_sys_global_symbol_to_c_name_address_lib_prefix='sed -n -e '\''s/^: \([^ ]*\) $/  {\"\1\", (void *) 0},/p'\'' -e '\''s/^[ABCDGIRSTW]* \([^ ]*\) \(lib[^ ]*\)$/  {"\2", (void *) \&\2},/p'\'' -e '\''s/^[ABCDGIRSTW]* \([^ ]*\) \([^ ]*\)$/  {"lib\2", (void *) \&\2},/p'\'''
lt_cv_sys_global_symbol_to_cdecl='sed -n -e '\''s/^T .* \(.*\)$/extern int \1();/p'\'' -e '\''s/^[ABCDGIRSTW]* .* \(.*\)$/extern char \1;/p'\'''
lt_cv_sys_max_cmd_len=1572864
pkg_cv_GRegex_CFLAGS='-I/usr/include/glib-2.0 -I/usr/lib64/glib-2.0/include'
pkg_cv_GRegex_LIBS=-lglib-2.0
pkg_cv_Glib_CFLAGS='-I/usr/include/glib-2.0 -I/usr/lib64/glib-2.0/include'
pkg_cv_Glib_LIBS=-lglib-2.0
pkg_cv_Gtk_CFLAGS='-pthread -I/usr/include/gtk-2.0 -I/usr/lib64/gtk-2.0/include -I/usr/include/pango-1.0 -I/usr/include/atk-1.0 -I/usr/include/cairo -I/usr/include/pixman-1 -I/usr/include/libdrm -I/usr/include/gdk-pixbuf-2.0 -I/usr/include/libpng16 -I/usr/include/pango-1.0 -I/usr/include/freetype2 -I/usr/include/libpng16 -I/usr/include/freetype2 -I/usr/include/libpng16 -I/usr/include/harfbuzz -I/usr/include/glib-2.0 -I/usr/lib64/glib-2.0/include'
pkg_cv_Gtk_LIBS='-lgtk-x11-2.0 -lgdk-x11-2.0 -lpangocairo-1.0 -latk-1.0 -lcairo -lgdk_pixbuf-2.0 -lgio-2.0 -lpangoft2-1.0 -lpango-1.0 -lgobject-2.0 -lglib-2.0 -lfontconfig -lfreetype'

## ----------------- ##
## Output variables. ##
## ----------------- ##

ACLOCAL='${SHELL} /home/ayush/Downloads/pidgin-sendscreenshot-0.8-3/missing --run aclocal-1.11'
ALL_LINGUAS='de es fr nl pl ru zh_CN'
AMDEPBACKSLASH='\'
AMDEP_FALSE='#'
AMDEP_TRUE=''
AMTAR='${SHELL} /home/ayush/Downloads/pidgin-sendscreenshot-0.8-3/missing --run tar'
AR='ar'
AUTOCONF='${SHELL} /home/ayush/Downloads/pidgin-sendscreenshot-0.8-3/missing --run autoconf'
AUTOHEADER='${SHELL} /home/ayush/Downloads/pidgin-sendscreenshot-0.8-3/missing --run autoheader'
AUTOMAKE='${SHELL} /home/ayush/Downloads/pidgin-sendscreenshot-0.8-3/missing --run automake-1.11'
AWK='gawk'
CATALOGS=' de.gmo es.gmo fr.gmo nl.gmo pl.gmo ru.gmo zh_CN.gmo'
CATOBJEXT='.gmo'
CC='gcc'
CCDEPMODE='depmode=gcc3'
CFLAGS='-Wall -Wextra -Wshadow -ggdb -O1'
CPP='gcc -E'
CPPFLAGS=''
CYGPATH_W='echo'
DATADIRNAME='share'
DEFS='-DHAVE_CONFIG_H'
DEPDIR='.deps'
DSYMUTIL=''
DUMPBIN=''
ECHO_C=''
ECHO_N='-n'
ECHO_T=''
EGREP='/usr/bin/grep -E'
ENABLE_UPLOAD_FALSE='#'
ENABLE_UPLOAD_TRUE=''
EXEEXT=''
FGREP='/usr/bin/grep -F'
GETTEXT_PACKAGE='screenshot'
GLIB_CFLAGS=''
GLIB_LIBS=''
GMOFILES=' de.gmo es.gmo fr.gmo nl.gmo pl.gmo ru.gmo zh_CN.gmo'
GMSGFMT='/usr/bin/msgfmt'
GREP='/usr/bin/grep'
GRegex_CFLAGS='-I/usr/include/glib-2.0 -I/usr/lib64/glib-2.0/include'
GRegex_LIBS='-lglib-2.0'
GTK_CFLAGS=''
GTK_LIBS=''
Glib_CFLAGS='-I/usr/include/glib-2.0 -I/usr/lib64/glib-2.0/include'
Glib_LIBS='-lglib-2.0'
Gtk_CFLAGS='-pthread -I/usr/include/gtk-2.0 -I/usr/lib64/gtk-2.0/include -I/usr/include/pango-1.0 -I/usr/include/atk-1.0 -I/usr/include/cairo -I/usr/include/pixman-1 -I/usr/include/libdrm -I/usr/include/gdk-pixbuf-2.0 -I/usr/include/libpng16 -I/usr/include/pango-1.0 -I/usr/include/freetype2 -I/usr/include/libpng16 -I/usr/include/freetype2 -I/usr/include/libpng16 -I/usr/include/harfbuzz -I/usr/include/glib-2.0 -I/usr/lib64/glib-2.0/include'
Gtk_LIBS='-lgtk-x11-2.0 -lgdk-x11-2.0 -lpangocairo-1.0 -latk-1.0 -lcairo -lgdk_pixbuf-2.0 -lgio-2.0 -lpangoft2-1.0 -lpango-1.0 -lgobject-2.0 -lglib-2.0 -lfontconfig -lfreetype'
INSTALL_DATA='${INSTALL} -m 644'
INSTALL_PROGRAM='${INSTALL}'
INSTALL_SCRIPT='${INSTALL}'
INSTALL_STRIP_PROGRAM='$(install_sh) -c -s'
INSTOBJEXT='.mo'
INTLLIBS=''
INTLTOOL_CAVES_RULE='%.caves:     %.caves.in     $(INTLTOOL_MERGE) $(wildcard $(top_srcdir)/po/*.po) ; LC_ALL=C $(INTLTOOL_MERGE) -d -u -c $(top_builddir)/po/.intltool-merge-cache $(top_srcdir)/po $< $@'
INTLTOOL_DESKTOP_RULE='%.desktop:   %.desktop.in   $(INTLTOOL_MERGE) $(wildcard $(top_srcdir)/po/*.po) ; LC_ALL=C $(INTLTOOL_MERGE) -d -u -c $(top_builddir)/po/.intltool-merge-cache $(top_srcdir)/po $< $@'
INTLTOOL_DIRECTORY_RULE='%.directory: %.directory.in $(INTLTOOL_MERGE) $(wildcard $(top_srcdir)/po/*.po) ; LC_ALL=C $(INTLTOOL_MERGE) -d -u -c $(top_builddir)/po/.intltool-merge-cache $(top_srcdir)/po $< $@'
INTLTOOL_EXTRACT='/usr/bin/intltool-extract'
INTLTOOL_KBD_RULE='%.kbd:       %.kbd.in       $(INTLTOOL_MERGE) $(wildcard $(top_srcdir)/po/*.po) ; LC_ALL=C $(INTLTOOL_MERGE) -x -u -m -c $(top_builddir)/po/.intltool-merge-cache $(top_srcdir)/po $< $@'
INTLTOOL_KEYS_RULE='%.keys:      %.keys.in      $(INTLTOOL_MERGE) $(wildcard $(top_srcdir)/po/*.po) ; LC_ALL=C $(INTLTOOL_MERGE) -k -u -c $(top_builddir)/po/.intltool-merge-cache $(top_srcdir)/po $< $@'
INTLTOOL_MERGE='/usr/bin/intltool-merge'
INTLTOOL_OAF_RULE='%.oaf:       %.oaf.in       $(INTLTOOL_MERGE) $(wildcard $(top_srcdir)/po/*.po) ; LC_ALL=C $(INTLTOOL_MERGE) -o -p $(top_srcdir)/po $< $@'
INTLTOOL_PERL='/usr/bin/perl'
INTLTOOL_POLICY_RULE='%.policy:    %.policy.in    $(INTLTOOL_MERGE) $(wildcard $(top_srcdir)/po/*.po) ; LC_ALL=C $(INTLTOOL_MERGE) -x -u -c $(top_builddir)/po/.intltool-merge-cache $(top_srcdir)/po $< $@'
INTLTOOL_PONG_RULE='%.pong:      %.pong.in      $(INTLTOOL_MERGE) $(wildcard $(top_srcdir)/po/*.po) ; LC_ALL=C $(INTLTOOL_MERGE) -x -u -c $(top_builddir)/po/.intltool-merge-cache $(top_srcdir)/po $< $@'
INTLTOOL_PROP_RULE='%.prop:      %.prop.in      $(INTLTOOL_MERGE) $(wildcard $(top_srcdir)/po/*.po) ; LC_ALL=C $(INTLTOOL_MERGE) -d -u -c $(top_builddir)/po/.intltool-merge-cache $(top_srcdir)/po $< $@'
INTLTOOL_SCHEMAS_RULE='%.schemas:   %.schemas.in   $(INTLTOOL_MERGE) $(wildcard $(top_srcdir)/po/*.po) ; LC_ALL=C $(INTLTOOL_MERGE) -s -u -c $(top_builddir)/po/.intltool-merge-cache $(top_srcdir)/po $< $@'
INTLTOOL_SERVER_RULE='%.server:    %.server.in    $(INTLTOOL_MERGE) $(wildcard $(top_srcdir)/po/*.po) ; LC_ALL=C $(INTLTOOL_MERGE) -o -u -c $(top_builddir)/po/.intltool-merge-cache $(top_srcdir)/po $< $@'
INTLTOOL_SERVICE_RULE='%.service: %.service.in   $(INTLTOOL_MERGE) $(wildcard $(top_srcdir)/po/*.po) ; LC_ALL=C $(INTLTOOL_MERGE) -d -u -c $(top_builddir)/po/.intltool-merge-cache $(top_srcdir)/po $< $@'
INTLTOOL_SHEET_RULE='%.sheet:     %.sheet.in     $(INTLTOOL_MERGE) $(wildcard $(top_srcdir)/po/*.po) ; LC_ALL=C $(INTLTOOL_MERGE) -x -u -c $(top_builddir)/po/.intltool-merge-cache $(top_srcdir)/po $< $@'
INTLTOOL_SOUNDLIST_RULE='%.soundlist: %.soundlist.in $(INTLTOOL_MERGE) $(wildcard $(top_srcdir)/po/*.po) ; LC_ALL=C $(INTLTOOL_MERGE) -d -u -c $(top_builddir)/po/.intltool-merge-cache $(top_srcdir)/po $< $@'
INTLTOOL_THEME_RULE='%.theme:     %.theme.in     $(INTLTOOL_MERGE) $(wildcard $(top_srcdir)/po/*.po) ; LC_ALL=C $(INTLTOOL_MERGE) -d -u -c $(top_builddir)/po/.intltool-merge-cache $(top_srcdir)/po $< $@'
INTLTOOL_UI_RULE='%.ui:        %.ui.in        $(INTLTOOL_MERGE) $(wildcard $(top_srcdir)/po/*.po) ; LC_ALL=C $(INTLTOOL_MERGE) -x -u -c $(top_builddir)/po/.intltool-merge-cache $(top_srcdir)/po $< $@'
INTLTOOL_UPDATE='/usr/bin/intltool-update'
INTLTOOL_XAM_RULE='%.xam:       %.xml.in       $(INTLTOOL_MERGE) $(wildcard $(top_srcdir)/po/*.po) ; LC_ALL=C $(INTLTOOL_MERGE) -x -u -c $(top_builddir)/po/.intltool-merge-cache $(top_srcdir)/po $< $@'
INTLTOOL_XML_NOMERGE_RULE='%.xml:       %.xml.in       $(INTLTOOL_MERGE) ; LC_ALL=C $(INTLTOOL_MERGE) -x -u /tmp $< $@'
INTLTOOL_XML_RULE='%.xml:       %.xml.in       $(INTLTOOL_MERGE) $(wildcard $(top_srcdir)/po/*.po) ; LC_ALL=C $(INTLTOOL_MERGE) -x -u -c $(top_builddir)/po/.intltool-merge-cache $(top_srcdir)/po $< $@'
LD='/usr/x86_64-slackware-linux/bin/ld -m elf_x86_64'
LDFLAGS=''
LIBCURL='-lcurl'
LIBCURL_CPPFLAGS=''
LIBOBJS=''
LIBS=''
LIBTOOL='$(SHELL) $(top_builddir)/libtool --silent'
LIPO=''
LN_S='ln -s'
LTLIBOBJS=''
MAKEINFO='${SHELL} /home/ayush/Downloads/pidgin-sendscreenshot-0.8-3/missing --run makeinfo'
MKDIR_P='/usr/bin/mkdir -p'
MKINSTALLDIRS='./mkinstalldirs'
MSGFMT='/usr/bin/msgfmt'
MSGFMT_OPTS='-c'
MSGMERGE='/usr/bin/msgmerge'
NM='/usr/bin/nm -B'
NMEDIT=''
OBJDUMP='objdump'
OBJEXT='o'
OTOOL64=''
OTOOL=''
PACKAGE='pidgin-sendscreenshot'
PACKAGE_BUGREPORT='contact@raoulito.info'
PACKAGE_NAME='pidgin-sendscreenshot'
PACKAGE_STRING='pidgin-sendscreenshot 0.8-3'
PACKAGE_TARNAME='pidgin-sendscreenshot'
PACKAGE_URL=''
PACKAGE_VERSION='0.8-3'
PATH_SEPARATOR=':'
PIDGIN_CFLAGS='-pthread -I/usr/include/pidgin -I/usr/include/gtk-2.0 -I/usr/lib64/gtk-2.0/include -I/usr/include/pango-1.0 -I/usr/include/atk-1.0 -I/usr/include/cairo -I/usr/include/pixman-1 -I/usr/include/libdrm -I/usr/include/gdk-pixbuf-2.0 -I/usr/include/libpng16 -I/usr/include/pango-1.0 -I/usr/include/freetype2 -I/usr/include/libpng16 -I/usr/include/freetype2 -I/usr/include/libpng16 -I/usr/include/harfbuzz -I/usr/include/libpurple -I/usr/include/glib-2.0 -I/usr/lib64/glib-2.0/include'
PIDGIN_DATADIR='/usr/share'
PIDGIN_LIBDIR='/usr/lib64'
PIDGIN_LIBS='-lgtk-x11-2.0 -lgdk-x11-2.0 -lpangocairo-1.0 -latk-1.0 -lcairo -lgdk_pixbuf-2.0 -lgio-2.0 -lpangoft2-1.0 -lpango-1.0 -lgobject-2.0 -lfontconfig -lfreetype -lpurple -lglib-2.0'
PIDGIN_REAL_LIBDIR='/usr/lib64'
PKG_CONFIG='/usr/bin/pkg-config'
POFILES=' de.po es.po fr.po nl.po pl.po ru.po zh_CN.po'
POSUB='po'
PO_IN_DATADIR_FALSE=''
PO_IN_DATADIR_TRUE=''
PURPLE_CFLAGS='-I/usr/include/libpurple -I/usr/include/glib-2.0 -I/usr/lib64/glib-2.0/include'
PURPLE_DATADIR='/usr/share'
PURPLE_LIBDIR='/usr/lib64'
PURPLE_LIBS='-lpurple -lglib-2.0'
RANLIB='ranlib'
SED='/usr/bin/sed'
SET_MAKE=''
SHELL='/bin/sh'
STRIP='strip'
USE_NLS='yes'
VERSION='0.8-3'
XGETTEXT='/usr/bin/xgettext'
_libcurl_config=''
ac_ct_CC='gcc'
ac_ct_DUMPBIN=''
am__EXEEXT_FALSE=''
am__EXEEXT_TRUE='#'
am__fastdepCC_FALSE='#'
am__fastdepCC_TRUE=''
am__include='include'
am__isrc=''
am__leading_dot='.'
am__quote=''
am__tar='${AMTAR} chof - "$$tardir"'
am__untar='${AMTAR} xf -'
bindir='${exec_prefix}/bin'
build='x86_64-unknown-linux-gnu'
build_alias=''
build_cpu='x86_64'
build_os='linux-gnu'
build_vendor='unknown'
datadir='${datarootdir}'
datarootdir='${prefix}/share'
docdir='${datarootdir}/doc/${PACKAGE_TARNAME}'
dvidir='${docdir}'
exec_prefix='${prefix}'
host='x86_64-unknown-linux-gnu'
host_alias=''
host_cpu='x86_64'
host_os='linux-gnu'
host_vendor='unknown'
htmldir='${docdir}'
includedir='${prefix}/include'
infodir='${datarootdir}/info'
install_sh='${SHELL} /home/ayush/Downloads/pidgin-sendscreenshot-0.8-3/install-sh'
libdir='/usr/lib64'
libexecdir='${exec_prefix}/libexec'
localedir='${datarootdir}/locale'
localstatedir='${prefix}/var'
lt_ECHO='echo'
mandir='${datarootdir}/man'
mkdir_p='/usr/bin/mkdir -p'
oldincludedir='/usr/include'
pdfdir='${docdir}'
prefix='/usr'
program_transform_name='s,x,x,'
psdir='${docdir}'
sbindir='${exec_prefix}/sbin'
sedpath='/usr/bin/sed'
sharedstatedir='${prefix}/com'
sysconfdir='${prefix}/etc'
target='x86_64-unknown-linux-gnu'
target_alias=''
target_cpu='x86_64'
target_os='linux-gnu'
target_vendor='unknown'

## ----------- ##
## confdefs.h. ##
## ----------- ##

/* confdefs.h */
#define PACKAGE_NAME "pidgin-sendscreenshot"
#define PACKAGE_TARNAME "pidgin-sendscreenshot"
#define PACKAGE_VERSION "0.8-3"
#define PACKAGE_STRING "pidgin-sendscreenshot 0.8-3"
#define PACKAGE_BUGREPORT "contact@raoulito.info"
#define PACKAGE_URL ""
#define PACKAGE "pidgin-sendscreenshot"
#define VERSION "0.8-3"
#define STDC_HEADERS 1
#define HAVE_SYS_TYPES_H 1
#define HAVE_SYS_STAT_H 1
#define HAVE_STDLIB_H 1
#define HAVE_STRING_H 1
#define HAVE_MEMORY_H 1
#define HAVE_STRINGS_H 1
#define HAVE_INTTYPES_H 1
#define HAVE_STDINT_H 1
#define HAVE_UNISTD_H 1
#define HAVE_DLFCN_H 1
#define LT_OBJDIR ".libs/"
#define GETTEXT_PACKAGE "screenshot"
#define HAVE_LOCALE_H 1
#define HAVE_LC_MESSAGES 1
#define HAVE_BIND_TEXTDOMAIN_CODESET 1
#define HAVE_GETTEXT 1
#define HAVE_DCGETTEXT 1
#define ENABLE_NLS 1
#define HAVE_LIBCURL 1
#define LIBCURL_FEATURE_SSL 1
#define LIBCURL_FEATURE_IPV6 1
#define LIBCURL_FEATURE_UNIXSOCKETS 1
#define LIBCURL_FEATURE_LIBZ 1
#define LIBCURL_FEATURE_IDN 1
#define LIBCURL_FEATURE_NTLM 1
#define LIBCURL_FEATURE_NTLM_WB 1
#define LIBCURL_FEATURE_TLS_SRP 1
#define LIBCURL_PROTOCOL_DICT 1
#define LIBCURL_PROTOCOL_FILE 1
#define LIBCURL_PROTOCOL_FTP 1
#define LIBCURL_PROTOCOL_FTPS 1
#define LIBCURL_PROTOCOL_GOPHER 1
#define LIBCURL_PROTOCOL_HTTP 1
#define LIBCURL_PROTOCOL_HTTPS 1
#define LIBCURL_PROTOCOL_IMAP 1
#define LIBCURL_PROTOCOL_IMAPS 1
#define LIBCURL_PROTOCOL_LDAP 1
#define LIBCURL_PROTOCOL_LDAPS 1
#define LIBCURL_PROTOCOL_POP3 1
#define LIBCURL_PROTOCOL_POP3S 1
#define LIBCURL_PROTOCOL_RTSP 1
#define LIBCURL_PROTOCOL_SCP 1
#define LIBCURL_PROTOCOL_SFTP 1
#define LIBCURL_PROTOCOL_SMB 1
#define LIBCURL_PROTOCOL_SMBS 1
#define LIBCURL_PROTOCOL_SMTP 1
#define LIBCURL_PROTOCOL_SMTPS 1
#define LIBCURL_PROTOCOL_TELNET 1
#define LIBCURL_PROTOCOL_TFTP 1
#define ENABLE_UPLOAD 1

configure: exit 0
